<?xml version="1.0" encoding="UTF-8"?>
<!-- Generated by org.testng.reporters.JUnitReportReporter -->
<testsuite hostname="Gowrishankar" failures="0" tests="1" name="ShankarG.eucs508.test4" time="20.569" errors="0" timestamp="2023-05-02T12:04:33 IST" skipped="0">
  <testcase classname="ShankarG.eucs508.test4" name="f" time="20.569"/>
  <system-out/>
</testsuite> <!-- ShankarG.eucs508.test4 -->
