<?xml version="1.0" encoding="UTF-8"?>
<!-- Generated by org.testng.reporters.JUnitReportReporter -->
<testsuite hostname="Gowrishankar" failures="0" tests="1" name="ShankarG.eucs508.NewTest" time="0.012" errors="0" timestamp="2023-04-27T15:05:57 IST" skipped="0">
  <testcase classname="ShankarG.eucs508.NewTest" name="f" time="0.012"/>
  <system-out/>
</testsuite> <!-- ShankarG.eucs508.NewTest -->
