<?xml version="1.0" encoding="UTF-8"?>
<!-- Generated by org.testng.reporters.JUnitReportReporter -->
<testsuite hostname="Gowrishankar" failures="0" tests="8" name="ShankarG.eucs508.Day9" time="0.018" errors="0" timestamp="2023-05-02T10:04:14 IST" skipped="0">
  <testcase classname="ShankarG.eucs508.Day9" name="ADDITION" time="0.011"/>
  <system-out/>
  <testcase classname="ShankarG.eucs508.Day9" name="ADDITION" time="0.001"/>
  <system-out/>
  <testcase classname="ShankarG.eucs508.Day9" name="SUBTRACTION" time="0.001"/>
  <system-out/>
  <testcase classname="ShankarG.eucs508.Day9" name="SUBTRACTION" time="0.001"/>
  <system-out/>
  <testcase classname="ShankarG.eucs508.Day9" name="MULTIPLICATION" time="0.001"/>
  <system-out/>
  <testcase classname="ShankarG.eucs508.Day9" name="MULTIPLICATION" time="0.001"/>
  <system-out/>
  <testcase classname="ShankarG.eucs508.Day9" name="DIVISION" time="0.001"/>
  <system-out/>
  <testcase classname="ShankarG.eucs508.Day9" name="DIVISION" time="0.001"/>
  <system-out/>
</testsuite> <!-- ShankarG.eucs508.Day9 -->
